{
  "RSpec": {
    "coverage": {
      "/Users/augustinevontrapp/Desktop/ep_room_zen/ep_room_zen_2/spec/features/house_feature_spec.rb": [
        1,
        null,
        1,
        null,
        1,
        1,
        1,
        1,
        1,
        1,
        1,
        1,
        null,
        null,
        null
      ],
      "/Users/augustinevontrapp/Desktop/ep_room_zen/ep_room_zen_2/spec/rails_helper.rb": [
        null,
        1,
        1,
        null,
        1,
        1,
        1,
        1,
        null,
        null,
        null,
        null,
        null,
        null,
        null,
        null,
        null,
        null,
        null,
        null,
        null,
        null,
        null,
        null,
        null,
        null,
        null,
        1,
        null,
        1,
        null,
        1,
        null,
        null,
        null,
        null,
        1,
        null,
        1,
        7,
        null,
        null,
        null,
        null,
        null,
        null,
        1,
        null,
        null,
        null,
        null,
        null,
        null,
        null,
        null,
        null,
        null,
        null,
        null,
        null,
        null,
        1,
        null,
        null,
        1,
        null,
        null,
        null,
        null,
        1,
        1,
        1,
        1,
        null,
        null
      ],
      "/Users/augustinevontrapp/Desktop/ep_room_zen/ep_room_zen_2/config/environment.rb": [
        null,
        1,
        null,
        null,
        1
      ],
      "/Users/augustinevontrapp/Desktop/ep_room_zen/ep_room_zen_2/config/application.rb": [
        1,
        null,
        1,
        null,
        1,
        1,
        1,
        1,
        1,
        1,
        1,
        1,
        null,
        null,
        null,
        null,
        1,
        null,
        1,
        1,
        null,
        null,
        null,
        null,
        null
      ],
      "/Users/augustinevontrapp/Desktop/ep_room_zen/ep_room_zen_2/config/boot.rb": [
        1,
        null,
        1
      ],
      "/Users/augustinevontrapp/Desktop/ep_room_zen/ep_room_zen_2/config/environments/test.rb": [
        1,
        null,
        null,
        null,
        null,
        null,
        null,
        1,
        null,
        null,
        null,
        null,
        1,
        null,
        null,
        1,
        1,
        null,
        null,
        null,
        null,
        1,
        1,
        null,
        null,
        1,
        null,
        null,
        1,
        1,
        null,
        null,
        null,
        null,
        1,
        null,
        null,
        1,
        null,
        null,
        null,
        null
      ],
      "/Users/augustinevontrapp/Desktop/ep_room_zen/ep_room_zen_2/config/initializers/application_controller_renderer.rb": [
        null,
        null,
        null,
        null,
        null,
        null
      ],
      "/Users/augustinevontrapp/Desktop/ep_room_zen/ep_room_zen_2/config/initializers/assets.rb": [
        null,
        null,
        null,
        1,
        null,
        null,
        null,
        null,
        null,
        null,
        null
      ],
      "/Users/augustinevontrapp/Desktop/ep_room_zen/ep_room_zen_2/config/initializers/backtrace_silencers.rb": [
        null,
        null,
        null,
        null,
        null,
        null,
        null
      ],
      "/Users/augustinevontrapp/Desktop/ep_room_zen/ep_room_zen_2/config/initializers/cookies_serializer.rb": [
        null,
        null,
        null,
        null,
        1
      ],
      "/Users/augustinevontrapp/Desktop/ep_room_zen/ep_room_zen_2/config/initializers/devise.rb": [
        null,
        null,
        1,
        null,
        null,
        null,
        null,
        null,
        null,
        null,
        null,
        null,
        null,
        null,
        1,
        null,
        null,
        null,
        null,
        null,
        null,
        null,
        null,
        null,
        null,
        null,
        1,
        null,
        null,
        null,
        null,
        null,
        null,
        null,
        null,
        null,
        null,
        null,
        null,
        null,
        null,
        null,
        null,
        null,
        null,
        null,
        null,
        null,
        1,
        null,
        null,
        null,
        null,
        1,
        null,
        null,
        null,
        null,
        null,
        null,
        null,
        null,
        null,
        null,
        null,
        null,
        null,
        null,
        null,
        null,
        null,
        null,
        null,
        null,
        null,
        null,
        null,
        null,
        null,
        null,
        null,
        null,
        null,
        null,
        1,
        null,
        null,
        null,
        null,
        null,
        null,
        null,
        null,
        null,
        null,
        null,
        null,
        null,
        null,
        null,
        null,
        null,
        null,
        null,
        null,
        null,
        null,
        1,
        null,
        null,
        null,
        null,
        null,
        null,
        null,
        null,
        null,
        null,
        null,
        null,
        null,
        null,
        null,
        null,
        null,
        null,
        null,
        null,
        null,
        null,
        null,
        null,
        null,
        null,
        null,
        1,
        null,
        null,
        null,
        null,
        null,
        null,
        null,
        null,
        null,
        1,
        null,
        null,
        null,
        null,
        null,
        null,
        null,
        null,
        null,
        null,
        1,
        null,
        null,
        null,
        null,
        1,
        null,
        null,
        null,
        null,
        null,
        null,
        null,
        null,
        null,
        null,
        null,
        null,
        null,
        null,
        null,
        null,
        null,
        null,
        null,
        null,
        null,
        null,
        null,
        null,
        null,
        null,
        null,
        null,
        null,
        null,
        null,
        null,
        null,
        null,
        null,
        null,
        null,
        null,
        null,
        null,
        1,
        null,
        null,
        null,
        null,
        null,
        null,
        null,
        null,
        null,
        null,
        null,
        null,
        null,
        null,
        null,
        null,
        null,
        null,
        null,
        null,
        null,
        null,
        null,
        null,
        null,
        null,
        null,
        null,
        null,
        null,
        null,
        null,
        null,
        null,
        null,
        null,
        null,
        null,
        null,
        null,
        null,
        1,
        null,
        null,
        null,
        null,
        null,
        null,
        null,
        null,
        null,
        null,
        null,
        null,
        null,
        null,
        null,
        null,
        null,
        null,
        null,
        null,
        null,
        null,
        null,
        null,
        null,
        null,
        null,
        null,
        null
      ],
      "/Users/augustinevontrapp/Desktop/ep_room_zen/ep_room_zen_2/config/initializers/filter_parameter_logging.rb": [
        null,
        null,
        null,
        1
      ],
      "/Users/augustinevontrapp/Desktop/ep_room_zen/ep_room_zen_2/config/initializers/inflections.rb": [
        null,
        null,
        null,
        null,
        null,
        null,
        null,
        null,
        null,
        null,
        null,
        null,
        null,
        null,
        null,
        null
      ],
      "/Users/augustinevontrapp/Desktop/ep_room_zen/ep_room_zen_2/config/initializers/mime_types.rb": [
        null,
        null,
        null,
        null
      ],
      "/Users/augustinevontrapp/Desktop/ep_room_zen/ep_room_zen_2/config/initializers/new_framework_defaults.rb": [
        null,
        null,
        null,
        null,
        null,
        null,
        null,
        1,
        null,
        null,
        1,
        null,
        null,
        null,
        1,
        null,
        null,
        1,
        null,
        null,
        1,
        null,
        null,
        1
      ],
      "/Users/augustinevontrapp/Desktop/ep_room_zen/ep_room_zen_2/config/initializers/session_store.rb": [
        null,
        null,
        1
      ],
      "/Users/augustinevontrapp/Desktop/ep_room_zen/ep_room_zen_2/config/initializers/wrap_parameters.rb": [
        null,
        null,
        null,
        null,
        null,
        null,
        1,
        2,
        null,
        null,
        null,
        null,
        null,
        null
      ],
      "/Users/augustinevontrapp/Desktop/ep_room_zen/ep_room_zen_2/config/routes.rb": [
        1,
        1,
        null,
        null,
        1,
        1,
        null,
        1,
        1,
        null,
        null,
        null
      ],
      "/Users/augustinevontrapp/Desktop/ep_room_zen/ep_room_zen_2/app/models/user.rb": [
        1,
        null,
        null,
        1,
        null,
        null,
        1,
        1,
        1,
        1,
        null
      ],
      "/Users/augustinevontrapp/Desktop/ep_room_zen/ep_room_zen_2/app/models/application_record.rb": [
        1,
        1,
        null
      ],
      "/Users/augustinevontrapp/Desktop/ep_room_zen/ep_room_zen_2/app/controllers/application_controller.rb": [
        1,
        1,
        null
      ],
      "/Users/augustinevontrapp/Desktop/ep_room_zen/ep_room_zen_2/app/helpers/application_helper.rb": [
        1,
        null
      ],
      "/Users/augustinevontrapp/Desktop/ep_room_zen/ep_room_zen_2/app/channels/application_cable/channel.rb": [
        1,
        1,
        null,
        null
      ],
      "/Users/augustinevontrapp/Desktop/ep_room_zen/ep_room_zen_2/app/channels/application_cable/connection.rb": [
        1,
        1,
        null,
        null
      ],
      "/Users/augustinevontrapp/Desktop/ep_room_zen/ep_room_zen_2/app/controllers/houses_controller.rb": [
        1,
        1,
        1,
        null,
        1,
        1,
        1,
        1,
        1,
        null,
        0,
        null,
        null,
        null,
        1,
        2,
        null,
        null,
        null,
        1,
        null,
        1,
        1,
        null,
        null
      ],
      "/Users/augustinevontrapp/Desktop/ep_room_zen/ep_room_zen_2/app/controllers/images_controller.rb": [
        1,
        null,
        1,
        1,
        1,
        1,
        1,
        null,
        0,
        null,
        1,
        1,
        null,
        null,
        1,
        null,
        1,
        1,
        null,
        null,
        null,
        1,
        1,
        6,
        1,
        null,
        null,
        null,
        null,
        null,
        null
      ],
      "/Users/augustinevontrapp/Desktop/ep_room_zen/ep_room_zen_2/app/controllers/requests_controller.rb": [
        1,
        null,
        1,
        1,
        1,
        null,
        null,
        1,
        1,
        1,
        1,
        1,
        1,
        null,
        0,
        null,
        null,
        null,
        1,
        1,
        null,
        null,
        null,
        1,
        null,
        1,
        1,
        null,
        null
      ],
      "/Users/augustinevontrapp/Desktop/ep_room_zen/ep_room_zen_2/app/controllers/user_profiles_controller.rb": [
        1,
        null,
        1,
        1,
        null,
        null,
        1,
        3,
        null,
        null,
        1,
        1,
        1,
        1,
        1,
        null,
        0,
        null,
        null,
        null,
        1,
        null,
        1,
        1,
        null,
        null,
        null
      ],
      "/Users/augustinevontrapp/Desktop/ep_room_zen/ep_room_zen_2/app/jobs/application_job.rb": [
        1,
        null
      ],
      "/Users/augustinevontrapp/Desktop/ep_room_zen/ep_room_zen_2/app/mailers/application_mailer.rb": [
        1,
        1,
        1,
        null
      ],
      "/Users/augustinevontrapp/Desktop/ep_room_zen/ep_room_zen_2/app/models/house.rb": [
        1,
        1,
        1,
        1,
        null
      ],
      "/Users/augustinevontrapp/Desktop/ep_room_zen/ep_room_zen_2/app/models/image.rb": [
        1,
        1,
        1,
        1,
        null
      ],
      "/Users/augustinevontrapp/Desktop/ep_room_zen/ep_room_zen_2/app/models/request.rb": [
        1,
        1,
        1,
        null
      ],
      "/Users/augustinevontrapp/Desktop/ep_room_zen/ep_room_zen_2/app/models/user_profile.rb": [
        1,
        1,
        1,
        1,
        1,
        1,
        null
      ],
      "/Users/augustinevontrapp/Desktop/ep_room_zen/ep_room_zen_2/spec/factories.rb": [
        1,
        null,
        1,
        1,
        1,
        1,
        null,
        null,
        1,
        1,
        1,
        1,
        null,
        null,
        1,
        1,
        1,
        1,
        null,
        null,
        1,
        1,
        1,
        1,
        null,
        null,
        1,
        7,
        1,
        null,
        null,
        1,
        1,
        1,
        1,
        1,
        null,
        null,
        null
      ],
      "/Users/augustinevontrapp/Desktop/ep_room_zen/ep_room_zen_2/spec/features/request_feature_spec.rb": [
        1,
        null,
        1,
        1,
        1,
        1,
        1,
        1,
        1,
        1,
        1,
        1,
        null,
        null
      ],
      "/Users/augustinevontrapp/Desktop/ep_room_zen/ep_room_zen_2/spec/features/user_image_feature_spec.rb": [
        1,
        null,
        1,
        1,
        1,
        null,
        1,
        1,
        null,
        1,
        null,
        1,
        null,
        1,
        null,
        null
      ],
      "/Users/augustinevontrapp/Desktop/ep_room_zen/ep_room_zen_2/spec/features/user_profile_feature_spec.rb": [
        1,
        null,
        1,
        null,
        1,
        1,
        1,
        1,
        1,
        1,
        1,
        1,
        1,
        null,
        null,
        1,
        1,
        null,
        null
      ],
      "/Users/augustinevontrapp/Desktop/ep_room_zen/ep_room_zen_2/spec/models/house_spec.rb": [
        1,
        null,
        1,
        1,
        null
      ],
      "/Users/augustinevontrapp/Desktop/ep_room_zen/ep_room_zen_2/spec/models/image_spec.rb": [
        1,
        null,
        1,
        1,
        null
      ],
      "/Users/augustinevontrapp/Desktop/ep_room_zen/ep_room_zen_2/spec/models/request_spec.rb": [
        1,
        null,
        1,
        1,
        null
      ],
      "/Users/augustinevontrapp/Desktop/ep_room_zen/ep_room_zen_2/spec/models/user_profile_spec.rb": [
        1,
        null,
        1,
        2,
        2,
        null
      ],
      "/Users/augustinevontrapp/Desktop/ep_room_zen/ep_room_zen_2/spec/models/user_spec.rb": [
        1,
        null,
        1,
        null,
        null
      ]
    },
    "timestamp": 1474086115
  }
}
